<?xml version="1.0" encoding="UTF-8"?>
<!-- Generated by org.testng.reporters.JUnitReportReporter -->
<testsuite hostname="RACD-002157" name="com.investaSolutions.tests.LoginTest" tests="1" failures="0" timestamp="18 Jun 2019 06:36:46 GMT" time="10.910" errors="0">
  <testcase name="testUserLoginFunctionality" time="10.910" classname="com.investaSolutions.tests.LoginTest"/>
</testsuite> <!-- com.investaSolutions.tests.LoginTest -->
